<?xml version="1.0" encoding="UTF-8"?>
<!-- Generated by org.testng.reporters.JUnitXMLReporter -->
<testsuite ignored="9" hostname="PRIYA" failures="0" tests="11" name="Test" time="109.511" errors="0" timestamp="2025-12-10T09:27:39 IST">
  <testcase classname="testpkg.Logintest" name="verifyLoginFromExcel" time="32.403"/>
  <testcase classname="testpkg.ShopTest" name="shoppingFlowTest" time="27.918"/>
  <testcase classname="testpkg.MenuTest" name="testAboutMenu" time="1.942"/>
  <testcase classname="testpkg.MenuTest" name="testCartOperations" time="6.991"/>
  <testcase classname="testpkg.MenuTest" name="testComboOfferMenu" time="1.707"/>
  <testcase classname="testpkg.MenuTest" name="testContactForm" time="2.507"/>
  <testcase classname="testpkg.MenuTest" name="testLinkCount" time="3.686"/>
  <testcase classname="testpkg.MenuTest" name="testRequestBook" time="2.241"/>
  <testcase classname="testpkg.MenuTest" name="testTrackOrder" time="4.156"/>
  <testcase classname="testpkg.MyaccountandSearchtest" name="addShippingAddress" time="8.505"/>
  <testcase classname="testpkg.MyaccountandSearchtest" name="openWishlistThenLogout" time="11.041"/>
  <testcase classname="basepkg.Baseclass" name="@BeforeSuite startReport" time="0.0">
    <ignored/>
  </testcase> <!-- @BeforeSuite startReport -->
  <testcase classname="basepkg.Baseclass" name="@BeforeTest setup" time="0.0">
    <ignored/>
  </testcase> <!-- @BeforeTest setup -->
  <testcase classname="basepkg.Baseclass" name="@AfterSuite closeReport" time="0.0">
    <ignored/>
  </testcase> <!-- @AfterSuite closeReport -->
  <testcase classname="basepkg.Baseclass" name="@BeforeSuite startReport" time="0.0">
    <ignored/>
  </testcase> <!-- @BeforeSuite startReport -->
  <testcase classname="basepkg.Baseclass" name="@BeforeTest setup" time="0.0">
    <ignored/>
  </testcase> <!-- @BeforeTest setup -->
  <testcase classname="basepkg.Baseclass" name="@AfterSuite closeReport" time="0.0">
    <ignored/>
  </testcase> <!-- @AfterSuite closeReport -->
  <testcase classname="basepkg.Baseclass" name="@BeforeTest setup" time="0.0">
    <ignored/>
  </testcase> <!-- @BeforeTest setup -->
  <testcase classname="basepkg.Baseclass" name="@BeforeSuite startReport" time="0.0">
    <ignored/>
  </testcase> <!-- @BeforeSuite startReport -->
  <testcase classname="basepkg.Baseclass" name="@AfterSuite closeReport" time="0.0">
    <ignored/>
  </testcase> <!-- @AfterSuite closeReport -->
</testsuite> <!-- Test -->
