<?xml version="1.0" encoding="UTF-8"?>
<!-- Generated by org.testng.reporters.JUnitXMLReporter -->
<testsuite ignored="12" hostname="PRIYA" failures="0" tests="6" name="Test" time="133.16" errors="0" timestamp="2025-11-30T11:43:42 IST">
  <testcase classname="testpkg.Logintest" name="verifyLoginFromExcel" time="36.269"/>
  <testcase classname="testpkg.ShopTest" name="shoppingFlowTest" time="30.891"/>
  <testcase classname="testpkg.MenuTest" name="testMenuOperations" time="19.313"/>
  <testcase classname="testpkg.LinksCountTest" name="verifyAllLinks" time="18.552"/>
  <testcase classname="testpkg.MyaccountandSearchtest" name="addShippingAddress" time="7.549"/>
  <testcase classname="testpkg.MyaccountandSearchtest" name="openWishlistThenLogout" time="13.758"/>
  <testcase classname="basepkg.Baseclass" name="@AfterSuite closeReport" time="0.0">
    <ignored/>
  </testcase> <!-- @AfterSuite closeReport -->
  <testcase classname="basepkg.Baseclass" name="@AfterSuite closeReport" time="0.0">
    <ignored/>
  </testcase> <!-- @AfterSuite closeReport -->
  <testcase classname="basepkg.Baseclass" name="@BeforeSuite startReport" time="0.0">
    <ignored/>
  </testcase> <!-- @BeforeSuite startReport -->
  <testcase classname="basepkg.Baseclass" name="@BeforeTest setup" time="0.0">
    <ignored/>
  </testcase> <!-- @BeforeTest setup -->
  <testcase classname="basepkg.Baseclass" name="@BeforeSuite startReport" time="0.0">
    <ignored/>
  </testcase> <!-- @BeforeSuite startReport -->
  <testcase classname="basepkg.Baseclass" name="@BeforeSuite startReport" time="0.0">
    <ignored/>
  </testcase> <!-- @BeforeSuite startReport -->
  <testcase classname="basepkg.Baseclass" name="@BeforeSuite startReport" time="0.0">
    <ignored/>
  </testcase> <!-- @BeforeSuite startReport -->
  <testcase classname="basepkg.Baseclass" name="@BeforeTest setup" time="0.0">
    <ignored/>
  </testcase> <!-- @BeforeTest setup -->
  <testcase classname="basepkg.Baseclass" name="@BeforeTest setup" time="0.0">
    <ignored/>
  </testcase> <!-- @BeforeTest setup -->
  <testcase classname="basepkg.Baseclass" name="@AfterSuite closeReport" time="0.0">
    <ignored/>
  </testcase> <!-- @AfterSuite closeReport -->
  <testcase classname="basepkg.Baseclass" name="@BeforeTest setup" time="0.0">
    <ignored/>
  </testcase> <!-- @BeforeTest setup -->
  <testcase classname="basepkg.Baseclass" name="@AfterSuite closeReport" time="0.0">
    <ignored/>
  </testcase> <!-- @AfterSuite closeReport -->
</testsuite> <!-- Test -->
