<?xml version="1.0" encoding="UTF-8"?>
<testng-results ignored="0" total="6" passed="6" failed="0" skipped="0">
  <reporter-output>
  </reporter-output>
  <suite started-at="2025-11-30T11:41:28 IST" name="Suite" finished-at="2025-11-30T11:43:42 IST" duration-ms="133160">
    <groups>
    </groups>
    <test started-at="2025-11-30T11:41:28 IST" name="Test" finished-at="2025-11-30T11:43:42 IST" duration-ms="133160">
      <class name="testpkg.LinksCountTest">
        <test-method signature="verifyAllLinks()[pri:0, instance:testpkg.LinksCountTest@7770f470]" started-at="2025-11-30T11:43:02 IST" name="verifyAllLinks" finished-at="2025-11-30T11:43:20 IST" duration-ms="18552" status="PASS">
          <reporter-output>
          </reporter-output>
        </test-method> <!-- verifyAllLinks -->
      </class> <!-- testpkg.LinksCountTest -->
      <class name="testpkg.Logintest">
        <test-method is-config="true" signature="startReport()[pri:0, instance:testpkg.Logintest@2362f559]" started-at="2025-11-30T11:41:28 IST" name="startReport" finished-at="2025-11-30T11:41:28 IST" duration-ms="291" status="PASS">
          <reporter-output>
          </reporter-output>
        </test-method> <!-- startReport -->
        <test-method is-config="true" signature="setup()[pri:0, instance:testpkg.Logintest@2362f559]" started-at="2025-11-30T11:41:28 IST" name="setup" finished-at="2025-11-30T11:41:34 IST" duration-ms="5191" status="PASS">
          <reporter-output>
          </reporter-output>
        </test-method> <!-- setup -->
        <test-method signature="verifyLoginFromExcel()[pri:0, instance:testpkg.Logintest@2362f559]" started-at="2025-11-30T11:41:34 IST" name="verifyLoginFromExcel" finished-at="2025-11-30T11:42:10 IST" duration-ms="36269" status="PASS">
          <reporter-output>
          </reporter-output>
        </test-method> <!-- verifyLoginFromExcel -->
        <test-method is-config="true" signature="closeReport()[pri:0, instance:testpkg.Logintest@2362f559]" started-at="2025-11-30T11:43:42 IST" name="closeReport" finished-at="2025-11-30T11:43:43 IST" duration-ms="1005" status="PASS">
          <reporter-output>
          </reporter-output>
        </test-method> <!-- closeReport -->
      </class> <!-- testpkg.Logintest -->
      <class name="testpkg.MenuTest">
        <test-method signature="testMenuOperations()[pri:0, instance:testpkg.MenuTest@d35dea7]" started-at="2025-11-30T11:42:42 IST" name="testMenuOperations" finished-at="2025-11-30T11:43:02 IST" duration-ms="19313" status="PASS">
          <reporter-output>
          </reporter-output>
        </test-method> <!-- testMenuOperations -->
      </class> <!-- testpkg.MenuTest -->
      <class name="testpkg.ShopTest">
        <test-method is-config="true" signature="navigateToBookCarry()[pri:0, instance:testpkg.ShopTest@247bddad]" started-at="2025-11-30T11:42:10 IST" name="navigateToBookCarry" finished-at="2025-11-30T11:42:12 IST" duration-ms="1513" status="PASS">
          <reporter-output>
          </reporter-output>
        </test-method> <!-- navigateToBookCarry -->
        <test-method signature="shoppingFlowTest()[pri:0, instance:testpkg.ShopTest@247bddad]" started-at="2025-11-30T11:42:12 IST" name="shoppingFlowTest" finished-at="2025-11-30T11:42:42 IST" duration-ms="30891" status="PASS">
          <reporter-output>
          </reporter-output>
        </test-method> <!-- shoppingFlowTest -->
      </class> <!-- testpkg.ShopTest -->
      <class name="testpkg.MyaccountandSearchtest">
        <test-method signature="addShippingAddress()[pri:1, instance:testpkg.MyaccountandSearchtest@5e5d171f]" started-at="2025-11-30T11:43:20 IST" name="addShippingAddress" finished-at="2025-11-30T11:43:28 IST" duration-ms="7549" status="PASS">
          <reporter-output>
          </reporter-output>
        </test-method> <!-- addShippingAddress -->
        <test-method signature="openWishlistThenLogout()[pri:2, instance:testpkg.MyaccountandSearchtest@5e5d171f]" started-at="2025-11-30T11:43:28 IST" name="openWishlistThenLogout" finished-at="2025-11-30T11:43:42 IST" duration-ms="13758" status="PASS">
          <reporter-output>
          </reporter-output>
        </test-method> <!-- openWishlistThenLogout -->
      </class> <!-- testpkg.MyaccountandSearchtest -->
    </test> <!-- Test -->
  </suite> <!-- Suite -->
</testng-results>
