<?xml version="1.0" encoding="UTF-8"?>
<testng-results ignored="0" total="11" passed="11" failed="0" skipped="0">
  <reporter-output>
  </reporter-output>
  <suite started-at="2025-12-10T09:25:50 IST" name="Suite" finished-at="2025-12-10T09:27:39 IST" duration-ms="109511">
    <groups>
    </groups>
    <test started-at="2025-12-10T09:25:50 IST" name="Test" finished-at="2025-12-10T09:27:39 IST" duration-ms="109511">
      <class name="testpkg.Logintest">
        <test-method is-config="true" signature="startReport()[pri:0, instance:testpkg.Logintest@247bddad]" started-at="2025-12-10T09:25:49 IST" name="startReport" finished-at="2025-12-10T09:25:50 IST" duration-ms="453" status="PASS">
          <reporter-output>
          </reporter-output>
        </test-method> <!-- startReport -->
        <test-method is-config="true" signature="setup()[pri:0, instance:testpkg.Logintest@247bddad]" started-at="2025-12-10T09:25:50 IST" name="setup" finished-at="2025-12-10T09:25:56 IST" duration-ms="6128" status="PASS">
          <reporter-output>
          </reporter-output>
        </test-method> <!-- setup -->
        <test-method is-config="true" signature="createPageObjects()[pri:0, instance:testpkg.Logintest@247bddad]" started-at="2025-12-10T09:25:56 IST" name="createPageObjects" finished-at="2025-12-10T09:25:56 IST" duration-ms="96" status="PASS">
          <reporter-output>
          </reporter-output>
        </test-method> <!-- createPageObjects -->
        <test-method signature="verifyLoginFromExcel()[pri:0, instance:testpkg.Logintest@247bddad]" started-at="2025-12-10T09:25:56 IST" name="verifyLoginFromExcel" finished-at="2025-12-10T09:26:29 IST" duration-ms="32403" status="PASS">
          <reporter-output>
          </reporter-output>
        </test-method> <!-- verifyLoginFromExcel -->
        <test-method is-config="true" signature="closeReport()[pri:0, instance:testpkg.Logintest@247bddad]" started-at="2025-12-10T09:27:39 IST" name="closeReport" finished-at="2025-12-10T09:27:40 IST" duration-ms="898" status="PASS">
          <reporter-output>
          </reporter-output>
        </test-method> <!-- closeReport -->
      </class> <!-- testpkg.Logintest -->
      <class name="testpkg.MenuTest">
        <test-method is-config="true" signature="createPageObjects()[pri:0, instance:testpkg.MenuTest@41a2befb]" started-at="2025-12-10T09:26:56 IST" name="createPageObjects" finished-at="2025-12-10T09:26:56 IST" duration-ms="11" status="PASS">
          <reporter-output>
          </reporter-output>
        </test-method> <!-- createPageObjects -->
        <test-method signature="testAboutMenu()[pri:0, instance:testpkg.MenuTest@41a2befb]" started-at="2025-12-10T09:26:56 IST" name="testAboutMenu" finished-at="2025-12-10T09:26:58 IST" duration-ms="1942" status="PASS">
          <reporter-output>
          </reporter-output>
        </test-method> <!-- testAboutMenu -->
        <test-method is-config="true" signature="createPageObjects()[pri:0, instance:testpkg.MenuTest@41a2befb]" started-at="2025-12-10T09:26:58 IST" name="createPageObjects" finished-at="2025-12-10T09:26:58 IST" duration-ms="6" status="PASS">
          <reporter-output>
          </reporter-output>
        </test-method> <!-- createPageObjects -->
        <test-method signature="testCartOperations()[pri:0, instance:testpkg.MenuTest@41a2befb]" started-at="2025-12-10T09:26:58 IST" name="testCartOperations" finished-at="2025-12-10T09:27:05 IST" duration-ms="6991" status="PASS">
          <reporter-output>
          </reporter-output>
        </test-method> <!-- testCartOperations -->
        <test-method is-config="true" signature="createPageObjects()[pri:0, instance:testpkg.MenuTest@41a2befb]" started-at="2025-12-10T09:27:05 IST" name="createPageObjects" finished-at="2025-12-10T09:27:05 IST" duration-ms="6" status="PASS">
          <reporter-output>
          </reporter-output>
        </test-method> <!-- createPageObjects -->
        <test-method signature="testComboOfferMenu()[pri:0, instance:testpkg.MenuTest@41a2befb]" started-at="2025-12-10T09:27:05 IST" name="testComboOfferMenu" finished-at="2025-12-10T09:27:07 IST" duration-ms="1707" status="PASS">
          <reporter-output>
          </reporter-output>
        </test-method> <!-- testComboOfferMenu -->
        <test-method is-config="true" signature="createPageObjects()[pri:0, instance:testpkg.MenuTest@41a2befb]" started-at="2025-12-10T09:27:07 IST" name="createPageObjects" finished-at="2025-12-10T09:27:07 IST" duration-ms="4" status="PASS">
          <reporter-output>
          </reporter-output>
        </test-method> <!-- createPageObjects -->
        <test-method signature="testContactForm()[pri:0, instance:testpkg.MenuTest@41a2befb]" started-at="2025-12-10T09:27:07 IST" name="testContactForm" finished-at="2025-12-10T09:27:10 IST" duration-ms="2507" status="PASS">
          <reporter-output>
          </reporter-output>
        </test-method> <!-- testContactForm -->
        <test-method is-config="true" signature="createPageObjects()[pri:0, instance:testpkg.MenuTest@41a2befb]" started-at="2025-12-10T09:27:10 IST" name="createPageObjects" finished-at="2025-12-10T09:27:10 IST" duration-ms="4" status="PASS">
          <reporter-output>
          </reporter-output>
        </test-method> <!-- createPageObjects -->
        <test-method signature="testLinkCount()[pri:0, instance:testpkg.MenuTest@41a2befb]" started-at="2025-12-10T09:27:10 IST" name="testLinkCount" finished-at="2025-12-10T09:27:13 IST" duration-ms="3686" status="PASS">
          <reporter-output>
          </reporter-output>
        </test-method> <!-- testLinkCount -->
        <test-method is-config="true" signature="createPageObjects()[pri:0, instance:testpkg.MenuTest@41a2befb]" started-at="2025-12-10T09:27:13 IST" name="createPageObjects" finished-at="2025-12-10T09:27:13 IST" duration-ms="6" status="PASS">
          <reporter-output>
          </reporter-output>
        </test-method> <!-- createPageObjects -->
        <test-method signature="testRequestBook()[pri:0, instance:testpkg.MenuTest@41a2befb]" started-at="2025-12-10T09:27:13 IST" name="testRequestBook" finished-at="2025-12-10T09:27:16 IST" duration-ms="2241" status="PASS">
          <reporter-output>
          </reporter-output>
        </test-method> <!-- testRequestBook -->
        <test-method is-config="true" signature="createPageObjects()[pri:0, instance:testpkg.MenuTest@41a2befb]" started-at="2025-12-10T09:27:16 IST" name="createPageObjects" finished-at="2025-12-10T09:27:16 IST" duration-ms="9" status="PASS">
          <reporter-output>
          </reporter-output>
        </test-method> <!-- createPageObjects -->
        <test-method signature="testTrackOrder()[pri:0, instance:testpkg.MenuTest@41a2befb]" started-at="2025-12-10T09:27:16 IST" name="testTrackOrder" finished-at="2025-12-10T09:27:20 IST" duration-ms="4156" status="PASS">
          <reporter-output>
          </reporter-output>
        </test-method> <!-- testTrackOrder -->
      </class> <!-- testpkg.MenuTest -->
      <class name="testpkg.ShopTest">
        <test-method is-config="true" signature="createPageObjects()[pri:0, instance:testpkg.ShopTest@77f1baf5]" started-at="2025-12-10T09:26:29 IST" name="createPageObjects" finished-at="2025-12-10T09:26:29 IST" duration-ms="5" status="PASS">
          <reporter-output>
          </reporter-output>
        </test-method> <!-- createPageObjects -->
        <test-method signature="shoppingFlowTest()[pri:0, instance:testpkg.ShopTest@77f1baf5]" started-at="2025-12-10T09:26:29 IST" name="shoppingFlowTest" finished-at="2025-12-10T09:26:56 IST" duration-ms="27918" status="PASS">
          <reporter-output>
          </reporter-output>
        </test-method> <!-- shoppingFlowTest -->
      </class> <!-- testpkg.ShopTest -->
      <class name="testpkg.MyaccountandSearchtest">
        <test-method is-config="true" signature="createPageObjects()[pri:0, instance:testpkg.MyaccountandSearchtest@6c40365c]" started-at="2025-12-10T09:27:20 IST" name="createPageObjects" finished-at="2025-12-10T09:27:20 IST" duration-ms="10" status="PASS">
          <reporter-output>
          </reporter-output>
        </test-method> <!-- createPageObjects -->
        <test-method signature="addShippingAddress()[pri:1, instance:testpkg.MyaccountandSearchtest@6c40365c]" started-at="2025-12-10T09:27:20 IST" name="addShippingAddress" finished-at="2025-12-10T09:27:28 IST" duration-ms="8505" status="PASS">
          <reporter-output>
          </reporter-output>
        </test-method> <!-- addShippingAddress -->
        <test-method is-config="true" signature="createPageObjects()[pri:0, instance:testpkg.MyaccountandSearchtest@6c40365c]" started-at="2025-12-10T09:27:28 IST" name="createPageObjects" finished-at="2025-12-10T09:27:28 IST" duration-ms="3" status="PASS">
          <reporter-output>
          </reporter-output>
        </test-method> <!-- createPageObjects -->
        <test-method signature="openWishlistThenLogout()[pri:2, instance:testpkg.MyaccountandSearchtest@6c40365c]" started-at="2025-12-10T09:27:28 IST" name="openWishlistThenLogout" finished-at="2025-12-10T09:27:39 IST" duration-ms="11041" status="PASS">
          <reporter-output>
          </reporter-output>
        </test-method> <!-- openWishlistThenLogout -->
      </class> <!-- testpkg.MyaccountandSearchtest -->
    </test> <!-- Test -->
  </suite> <!-- Suite -->
</testng-results>
