<?xml version="1.0" encoding="UTF-8"?>
<!-- Generated by org.testng.reporters.JUnitReportReporter -->
<testsuite hostname="PRIYA" failures="0" tests="7" name="testpkg.MenuTest" time="23.276" errors="0" timestamp="2025-12-10T09:27:41 IST" skipped="0">
  <testcase classname="testpkg.MenuTest" name="testComboOfferMenu" time="1.716"/>
  <testcase classname="testpkg.MenuTest" name="testAboutMenu" time="1.953"/>
  <testcase classname="testpkg.MenuTest" name="testContactForm" time="2.513"/>
  <testcase classname="testpkg.MenuTest" name="testTrackOrder" time="4.160"/>
  <testcase classname="testpkg.MenuTest" name="testLinkCount" time="3.692"/>
  <testcase classname="testpkg.MenuTest" name="testRequestBook" time="2.247"/>
  <testcase classname="testpkg.MenuTest" name="testCartOperations" time="6.995"/>
</testsuite> <!-- testpkg.MenuTest -->
