<?xml version="1.0" encoding="UTF-8"?>
<!-- Generated by org.testng.reporters.JUnitReportReporter -->
<testsuite hostname="PRIYA" failures="0" tests="2" name="testpkg.MyaccountandSearchtest" time="21.307" errors="0" timestamp="2025-11-30T11:43:43 IST" skipped="0">
  <testcase classname="testpkg.MyaccountandSearchtest" name="addShippingAddress" time="7.549"/>
  <testcase classname="testpkg.MyaccountandSearchtest" name="openWishlistThenLogout" time="13.758"/>
</testsuite> <!-- testpkg.MyaccountandSearchtest -->
