<?xml version="1.0" encoding="UTF-8"?>
<!-- Generated by org.testng.reporters.JUnitReportReporter -->
<testsuite hostname="PRIYA" failures="0" tests="2" name="testpkg.MyaccountandSearchtest" time="19.559" errors="0" timestamp="2025-12-10T09:27:41 IST" skipped="0">
  <testcase classname="testpkg.MyaccountandSearchtest" name="addShippingAddress" time="8.508"/>
  <testcase classname="testpkg.MyaccountandSearchtest" name="openWishlistThenLogout" time="11.051"/>
</testsuite> <!-- testpkg.MyaccountandSearchtest -->
